Build started 12/11/2016 2:45:13 PM.
     1>Project "C:\Users\George\Desktop\George's Folder\EXEs\CosairSDK\CUESDK_2.4.67\CUESDK\examples\text_highlight\text_highlight\text_highlight.vcxproj" on node 2 (Build target(s)).
     1>ClCompile:
         C:\Program Files (x86)\Microsoft Visual Studio 12.0\VC\bin\x86_amd64\CL.exe /c /I"C:\Users\George\Desktop\George's Folder\EXEs\CosairSDK\CUESDK_2.4.67\CUESDK\examples\text_highlight\..\..\include\\" /Zi /nologo /W3 /WX- /sdl /Od /D _DEBUG /D _CONSOLE /D _UNICODE /D UNICODE /Gm /EHsc /RTC1 /MDd /GS /fp:precise /Zc:wchar_t /Zc:forScope /Fo"x64\Debug\\" /Fd"x64\Debug\vc120.pdb" /Gd /TP /errorReport:prompt "..\..\..\..\..\..\..\..\George's Folder\EXEs\CosairSDK\CUESDK_2.4.67\CUESDK\examples\text_highlight\text_highlight\Inputs.cpp"
         Inputs.cpp
     1>..\..\..\..\..\..\..\..\George's Folder\EXEs\CosairSDK\CUESDK_2.4.67\CUESDK\examples\text_highlight\text_highlight\Inputs.cpp(40): error C2872: 'left' : ambiguous symbol
                 could be '..\..\..\..\..\..\..\..\George's Folder\EXEs\CosairSDK\CUESDK_2.4.67\CUESDK\examples\text_highlight\text_highlight\Inputs.cpp(14) : bool left'
                 or       'C:\Program Files (x86)\Microsoft Visual Studio 12.0\VC\include\ios(255) : std::ios_base &std::left(std::ios_base &)'
     1>..\..\..\..\..\..\..\..\George's Folder\EXEs\CosairSDK\CUESDK_2.4.67\CUESDK\examples\text_highlight\text_highlight\Inputs.cpp(41): error C2872: 'left' : ambiguous symbol
                 could be '..\..\..\..\..\..\..\..\George's Folder\EXEs\CosairSDK\CUESDK_2.4.67\CUESDK\examples\text_highlight\text_highlight\Inputs.cpp(14) : bool left'
                 or       'C:\Program Files (x86)\Microsoft Visual Studio 12.0\VC\include\ios(255) : std::ios_base &std::left(std::ios_base &)'
     1>..\..\..\..\..\..\..\..\George's Folder\EXEs\CosairSDK\CUESDK_2.4.67\CUESDK\examples\text_highlight\text_highlight\Inputs.cpp(44): error C2872: 'left' : ambiguous symbol
                 could be '..\..\..\..\..\..\..\..\George's Folder\EXEs\CosairSDK\CUESDK_2.4.67\CUESDK\examples\text_highlight\text_highlight\Inputs.cpp(14) : bool left'
                 or       'C:\Program Files (x86)\Microsoft Visual Studio 12.0\VC\include\ios(255) : std::ios_base &std::left(std::ios_base &)'
     1>..\..\..\..\..\..\..\..\George's Folder\EXEs\CosairSDK\CUESDK_2.4.67\CUESDK\examples\text_highlight\text_highlight\Inputs.cpp(45): error C2872: 'left' : ambiguous symbol
                 could be '..\..\..\..\..\..\..\..\George's Folder\EXEs\CosairSDK\CUESDK_2.4.67\CUESDK\examples\text_highlight\text_highlight\Inputs.cpp(14) : bool left'
                 or       'C:\Program Files (x86)\Microsoft Visual Studio 12.0\VC\include\ios(255) : std::ios_base &std::left(std::ios_base &)'
     1>..\..\..\..\..\..\..\..\George's Folder\EXEs\CosairSDK\CUESDK_2.4.67\CUESDK\examples\text_highlight\text_highlight\Inputs.cpp(49): error C2872: 'right' : ambiguous symbol
                 could be '..\..\..\..\..\..\..\..\George's Folder\EXEs\CosairSDK\CUESDK_2.4.67\CUESDK\examples\text_highlight\text_highlight\Inputs.cpp(15) : bool right'
                 or       'C:\Program Files (x86)\Microsoft Visual Studio 12.0\VC\include\ios(309) : std::ios_base &std::right(std::ios_base &)'
     1>..\..\..\..\..\..\..\..\George's Folder\EXEs\CosairSDK\CUESDK_2.4.67\CUESDK\examples\text_highlight\text_highlight\Inputs.cpp(50): error C2872: 'right' : ambiguous symbol
                 could be '..\..\..\..\..\..\..\..\George's Folder\EXEs\CosairSDK\CUESDK_2.4.67\CUESDK\examples\text_highlight\text_highlight\Inputs.cpp(15) : bool right'
                 or       'C:\Program Files (x86)\Microsoft Visual Studio 12.0\VC\include\ios(309) : std::ios_base &std::right(std::ios_base &)'
     1>..\..\..\..\..\..\..\..\George's Folder\EXEs\CosairSDK\CUESDK_2.4.67\CUESDK\examples\text_highlight\text_highlight\Inputs.cpp(53): error C2872: 'right' : ambiguous symbol
                 could be '..\..\..\..\..\..\..\..\George's Folder\EXEs\CosairSDK\CUESDK_2.4.67\CUESDK\examples\text_highlight\text_highlight\Inputs.cpp(15) : bool right'
                 or       'C:\Program Files (x86)\Microsoft Visual Studio 12.0\VC\include\ios(309) : std::ios_base &std::right(std::ios_base &)'
     1>..\..\..\..\..\..\..\..\George's Folder\EXEs\CosairSDK\CUESDK_2.4.67\CUESDK\examples\text_highlight\text_highlight\Inputs.cpp(54): error C2872: 'right' : ambiguous symbol
                 could be '..\..\..\..\..\..\..\..\George's Folder\EXEs\CosairSDK\CUESDK_2.4.67\CUESDK\examples\text_highlight\text_highlight\Inputs.cpp(15) : bool right'
                 or       'C:\Program Files (x86)\Microsoft Visual Studio 12.0\VC\include\ios(309) : std::ios_base &std::right(std::ios_base &)'
     1>Done Building Project "C:\Users\George\Desktop\George's Folder\EXEs\CosairSDK\CUESDK_2.4.67\CUESDK\examples\text_highlight\text_highlight\text_highlight.vcxproj" (Build target(s)) -- FAILED.

Project Performance Summary:
     1823 ms  C:\Users\George\Desktop\George's Folder\EXEs\CosairSDK\CUESDK_2.4.67\CUESDK\examples\text_highlight\text_highlight\text_highlight.vcxproj   1 calls
               1823 ms  Build                                      1 calls

Target Performance Summary:
        0 ms  _BuildGenerateSourcesAction                1 calls
        0 ms  AfterBuildGenerateSources                  1 calls
        0 ms  PlatformPrepareForBuild                    1 calls
        0 ms  AfterResolveReferences                     1 calls
        0 ms  _Midl                                      1 calls
        0 ms  SelectClCompile                            1 calls
        0 ms  ComputeMIDLGeneratedCompileInputs          1 calls
        0 ms  ResolveSDKReferences                       1 calls
        0 ms  BuildGenerateSources                       1 calls
        0 ms  GetInstalledSDKLocations                   1 calls
        0 ms  SelectCustomBuild                          1 calls
        0 ms  AfterMidl                                  1 calls
        0 ms  _SplitProjectReferencesByFileExistence     1 calls
        0 ms  ResolveReferences                          1 calls
        0 ms  ComputeCLInputPDBName                      1 calls
        0 ms  BeforeResolveReferences                    1 calls
        0 ms  BeforeClCompile                            1 calls
        0 ms  PreBuildEvent                              1 calls
        0 ms  _SelectedFiles                             1 calls
        0 ms  ExpandSDKReferences                        1 calls
        0 ms  GetResolvedWinMD                           1 calls
        0 ms  _Xsd                                       1 calls
        0 ms  AfterBuildGenerateSourcesEvent             1 calls
        0 ms  BeforeBuildGenerateSources                 1 calls
        0 ms  ComputeReferenceCLInput                    1 calls
        1 ms  BuildCompileTraverse                       1 calls
        1 ms  _PrepareForReferenceResolution             1 calls
        1 ms  GetFrameworkPaths                          1 calls
        1 ms  ResolveAssemblyReferences                  1 calls
        1 ms  GetReferenceAssemblyPaths                  1 calls
        1 ms  MakeDirsForMidl                            1 calls
        1 ms  BuildGenerateSourcesTraverse               1 calls
        1 ms  ResolveProjectReferences                   1 calls
        2 ms  MakeDirsForCl                              1 calls
        3 ms  WarnCompileDuplicatedFilename              1 calls
        5 ms  _PrepareForBuild                           1 calls
        7 ms  PrepareForBuild                            1 calls
       11 ms  SetBuildDefaultEnvironmentVariables        1 calls
       12 ms  InitializeBuildStatus                      1 calls
       14 ms  AssignProjectConfiguration                 1 calls
       15 ms  _CheckForInvalidConfigurationAndPlatform   1 calls
      325 ms  SetCABuildNativeEnvironmentVariables       1 calls
     1417 ms  ClCompile                                  1 calls

Build FAILED.

Time Elapsed 00:00:01.81
